<?xml version="1.0" encoding="UTF-8"?>
<testng-results total="3" passed="3" failed="0" skipped="0">
  <reporter-output>
  </reporter-output>
  <suite started-at="2022-12-01T16:21:04Z" name="Default suite" finished-at="2022-12-01T16:23:22Z" duration-ms="138552">
    <groups>
    </groups>
    <test started-at="2022-12-01T16:21:04Z" name="Default test" finished-at="2022-12-01T16:23:22Z" duration-ms="138552">
      <class name="koo1.koo2">
        <test-method is-config="true" signature="koo1()[pri:0, instance:koo1.koo2@73d983ea]" started-at="2022-12-01T21:51:04Z" name="koo1" finished-at="2022-12-01T21:51:54Z" duration-ms="49907" status="PASS">
          <reporter-output>
          </reporter-output>
        </test-method> <!-- koo1 -->
        <test-method signature="koo2()[pri:0, instance:koo1.koo2@73d983ea]" started-at="2022-12-01T21:51:54Z" name="koo2" finished-at="2022-12-01T21:51:58Z" duration-ms="4539" status="PASS">
          <reporter-output>
          </reporter-output>
        </test-method> <!-- koo2 -->
        <test-method signature="koo3()[pri:0, instance:koo1.koo2@73d983ea]" started-at="2022-12-01T21:51:58Z" name="koo3" finished-at="2022-12-01T21:52:59Z" duration-ms="60874" status="PASS">
          <reporter-output>
          </reporter-output>
        </test-method> <!-- koo3 -->
        <test-method signature="koo4()[pri:0, instance:koo1.koo2@73d983ea]" started-at="2022-12-01T21:52:59Z" name="koo4" finished-at="2022-12-01T21:53:03Z" duration-ms="4056" status="PASS">
          <reporter-output>
          </reporter-output>
        </test-method> <!-- koo4 -->
        <test-method is-config="true" signature="kooEnd()[pri:0, instance:koo1.koo2@73d983ea]" started-at="2022-12-01T21:53:03Z" name="kooEnd" finished-at="2022-12-01T21:53:22Z" duration-ms="19163" status="PASS">
          <reporter-output>
          </reporter-output>
        </test-method> <!-- kooEnd -->
      </class> <!-- koo1.koo2 -->
    </test> <!-- Default test -->
  </suite> <!-- Default suite -->
</testng-results>
